<?xml version="1.0" encoding="UTF-8"?>
<coverage generated="1518085228">
  <project timestamp="1518085228">
    <package name="Thinktomorrow\Locale\Facades">
      <file name="/Users/philippedamen/Code/locale/src/Thinktomorrow/Locale/Facades/LocaleFacade.php">
        <class name="Thinktomorrow\Locale\Facades\LocaleFacade" namespace="Thinktomorrow\Locale\Facades">
          <metrics complexity="1" methods="1" coveredmethods="1" conditionals="0" coveredconditionals="0" statements="1" coveredstatements="1" elements="2" coveredelements="2"/>
        </class>
        <line num="9" type="method" name="getFacadeAccessor" visibility="public" complexity="1" crap="1" count="1"/>
        <line num="11" type="stmt" count="1"/>
        <metrics loc="13" ncloc="13" classes="1" methods="1" coveredmethods="1" conditionals="0" coveredconditionals="0" statements="1" coveredstatements="1" elements="2" coveredelements="2"/>
      </file>
      <file name="/Users/philippedamen/Code/locale/src/Thinktomorrow/Locale/Facades/LocaleUrlFacade.php">
        <class name="Thinktomorrow\Locale\Facades\LocaleUrlFacade" namespace="Thinktomorrow\Locale\Facades">
          <metrics complexity="1" methods="1" coveredmethods="1" conditionals="0" coveredconditionals="0" statements="1" coveredstatements="1" elements="2" coveredelements="2"/>
        </class>
        <line num="9" type="method" name="getFacadeAccessor" visibility="public" complexity="1" crap="1" count="1"/>
        <line num="11" type="stmt" count="1"/>
        <metrics loc="13" ncloc="13" classes="1" methods="1" coveredmethods="1" conditionals="0" coveredconditionals="0" statements="1" coveredstatements="1" elements="2" coveredelements="2"/>
      </file>
    </package>
    <package name="Thinktomorrow\Locale">
      <file name="/Users/philippedamen/Code/locale/src/Thinktomorrow/Locale/Locale.php">
        <class name="Thinktomorrow\Locale\Locale" namespace="Thinktomorrow\Locale">
          <metrics complexity="30" methods="11" coveredmethods="11" conditionals="0" coveredconditionals="0" statements="40" coveredstatements="40" elements="51" coveredelements="51"/>
        </class>
        <line num="15" type="method" name="__construct" visibility="public" complexity="5" crap="5" count="60"/>
        <line num="17" type="stmt" count="60"/>
        <line num="19" type="stmt" count="60"/>
        <line num="20" type="stmt" count="60"/>
        <line num="21" type="stmt" count="60"/>
        <line num="22" type="stmt" count="60"/>
        <line num="23" type="stmt" count="60"/>
        <line num="32" type="method" name="setAvailables" visibility="public" complexity="1" crap="1" count="1"/>
        <line num="34" type="stmt" count="1"/>
        <line num="36" type="stmt" count="1"/>
        <line num="47" type="method" name="set" visibility="public" complexity="1" crap="1" count="13"/>
        <line num="49" type="stmt" count="13"/>
        <line num="51" type="stmt" count="13"/>
        <line num="61" type="method" name="get" visibility="public" complexity="2" crap="2" count="52"/>
        <line num="63" type="stmt" count="52"/>
        <line num="72" type="method" name="getDefault" visibility="public" complexity="1" crap="1" count="1"/>
        <line num="74" type="stmt" count="1"/>
        <line num="84" type="method" name="getSlug" visibility="public" complexity="2" crap="2" count="51"/>
        <line num="86" type="stmt" count="51"/>
        <line num="88" type="stmt" count="51"/>
        <line num="89" type="stmt" count="36"/>
        <line num="92" type="stmt" count="44"/>
        <line num="102" type="method" name="isHidden" visibility="public" complexity="3" crap="3" count="43"/>
        <line num="105" type="stmt" count="43"/>
        <line num="106" type="stmt" count="40"/>
        <line num="109" type="stmt" count="13"/>
        <line num="111" type="stmt" count="13"/>
        <line num="127" type="method" name="store" visibility="private" complexity="8" crap="8" count="13"/>
        <line num="129" type="stmt" count="13"/>
        <line num="130" type="stmt" count="5"/>
        <line num="132" type="stmt" count="5"/>
        <line num="133" type="stmt" count="2"/>
        <line num="136" type="stmt" count="5"/>
        <line num="137" type="stmt" count="3"/>
        <line num="140" type="stmt" count="5"/>
        <line num="141" type="stmt" count="1"/>
        <line num="145" type="stmt" count="13"/>
        <line num="147" type="stmt" count="13"/>
        <line num="153" type="method" name="getLocaleFromUrl" visibility="private" complexity="3" crap="3" count="5"/>
        <line num="155" type="stmt" count="5"/>
        <line num="156" type="stmt" count="2"/>
        <line num="161" type="stmt" count="3"/>
        <line num="162" type="stmt" count="1"/>
        <line num="165" type="stmt" count="2"/>
        <line num="168" type="method" name="getLocaleSegment" visibility="private" complexity="2" crap="2" count="5"/>
        <line num="170" type="stmt" count="5"/>
        <line num="172" type="stmt" count="5"/>
        <line num="180" type="method" name="validateLocale" visibility="private" complexity="2" crap="2" count="52"/>
        <line num="182" type="stmt" count="52"/>
        <line num="183" type="stmt" count="37"/>
        <line num="186" type="stmt" count="50"/>
        <metrics loc="188" ncloc="119" classes="1" methods="11" coveredmethods="11" conditionals="0" coveredconditionals="0" statements="40" coveredstatements="40" elements="51" coveredelements="51"/>
      </file>
      <file name="/Users/philippedamen/Code/locale/src/Thinktomorrow/Locale/LocaleServiceProvider.php">
        <class name="Thinktomorrow\Locale\LocaleServiceProvider" namespace="Thinktomorrow\Locale">
          <metrics complexity="7" methods="6" coveredmethods="4" conditionals="0" coveredconditionals="0" statements="22" coveredstatements="16" elements="28" coveredelements="20"/>
        </class>
        <line num="11" type="method" name="register" visibility="public" complexity="1" crap="1" count="60"/>
        <line num="13" type="stmt" count="60"/>
        <line num="15" type="stmt" count="60"/>
        <line num="16" type="stmt" count="60"/>
        <line num="19" type="method" name="anonymousFunction:19#100" complexity="1" crap="1" count="60"/>
        <line num="20" type="stmt" count="1"/>
        <line num="21" type="stmt" count="60"/>
        <line num="23" type="method" name="anonymousFunction:23#143" complexity="1" crap="1" count="60"/>
        <line num="24" type="stmt" count="50"/>
        <line num="25" type="stmt" count="50"/>
        <line num="26" type="stmt" count="50"/>
        <line num="28" type="stmt" count="60"/>
        <line num="30" type="method" name="anonymousFunction:30#187" complexity="1" crap="1" count="60"/>
        <line num="31" type="stmt" count="50"/>
        <line num="32" type="stmt" count="50"/>
        <line num="33" type="stmt" count="50"/>
        <line num="35" type="stmt" count="60"/>
        <line num="37" type="method" name="anonymousFunction:37#231" complexity="1" crap="1.58" count="60"/>
        <line num="38" type="stmt" count="0"/>
        <line num="39" type="stmt" count="0"/>
        <line num="40" type="stmt" count="0"/>
        <line num="41" type="stmt" count="0"/>
        <line num="42" type="stmt" count="0"/>
        <line num="44" type="stmt" count="60"/>
        <line num="46" type="stmt" count="60"/>
        <line num="47" type="stmt" count="60"/>
        <line num="48" type="stmt" count="60"/>
        <line num="50" type="method" name="getConfig" visibility="private" complexity="2" crap="2.15" count="1"/>
        <line num="52" type="stmt" count="1"/>
        <line num="53" type="stmt" count="0"/>
        <line num="56" type="stmt" count="1"/>
        <metrics loc="58" ncloc="58" classes="1" methods="6" coveredmethods="4" conditionals="0" coveredconditionals="0" statements="25" coveredstatements="19" elements="31" coveredelements="23"/>
      </file>
      <file name="/Users/philippedamen/Code/locale/src/Thinktomorrow/Locale/LocaleUrl.php">
        <class name="Thinktomorrow\Locale\LocaleUrl" namespace="Thinktomorrow\Locale">
          <metrics complexity="8" methods="4" coveredmethods="4" conditionals="0" coveredconditionals="0" statements="26" coveredstatements="26" elements="30" coveredelements="30"/>
        </class>
        <line num="30" type="method" name="__construct" visibility="public" complexity="2" crap="2" count="50"/>
        <line num="32" type="stmt" count="50"/>
        <line num="33" type="stmt" count="50"/>
        <line num="34" type="stmt" count="50"/>
        <line num="36" type="stmt" count="50"/>
        <line num="37" type="stmt" count="50"/>
        <line num="49" type="method" name="to" visibility="public" complexity="1" crap="1" count="11"/>
        <line num="51" type="stmt" count="11"/>
        <line num="52" type="stmt" count="11"/>
        <line num="53" type="stmt" count="11"/>
        <line num="54" type="stmt" count="11"/>
        <line num="55" type="stmt" count="11"/>
        <line num="69" type="method" name="route" visibility="public" complexity="2" crap="2" count="29"/>
        <line num="73" type="stmt" count="29"/>
        <line num="74" type="stmt" count="20"/>
        <line num="77" type="stmt" count="29"/>
        <line num="79" type="stmt" count="29"/>
        <line num="81" type="stmt" count="29"/>
        <line num="82" type="stmt" count="29"/>
        <line num="83" type="stmt" count="29"/>
        <line num="84" type="stmt" count="29"/>
        <line num="94" type="method" name="extractLocaleFromParameters" visibility="private" complexity="3" crap="3" count="29"/>
        <line num="96" type="stmt" count="29"/>
        <line num="98" type="stmt" count="29"/>
        <line num="99" type="stmt" count="9"/>
        <line num="102" type="stmt" count="23"/>
        <line num="106" type="stmt" count="23"/>
        <line num="107" type="stmt" count="8"/>
        <line num="110" type="stmt" count="23"/>
        <line num="112" type="stmt" count="23"/>
        <metrics loc="114" ncloc="66" classes="1" methods="4" coveredmethods="4" conditionals="0" coveredconditionals="0" statements="26" coveredstatements="26" elements="30" coveredelements="30"/>
      </file>
    </package>
    <file name="/Users/philippedamen/Code/locale/src/Thinktomorrow/Locale/Parsers/Parser.php">
      <metrics loc="46" ncloc="16" classes="0" methods="0" coveredmethods="0" conditionals="0" coveredconditionals="0" statements="0" coveredstatements="0" elements="0" coveredelements="0"/>
    </file>
    <package name="Thinktomorrow\Locale\Parsers">
      <file name="/Users/philippedamen/Code/locale/src/Thinktomorrow/Locale/Parsers/RouteParser.php">
        <class name="Thinktomorrow\Locale\Parsers\RouteParser" namespace="Thinktomorrow\Locale\Parsers">
          <metrics complexity="18" methods="10" coveredmethods="10" conditionals="0" coveredconditionals="0" statements="28" coveredstatements="28" elements="38" coveredelements="38"/>
        </class>
        <line num="25" type="method" name="__construct" visibility="public" complexity="1" crap="1" count="50"/>
        <line num="27" type="stmt" count="50"/>
        <line num="28" type="stmt" count="50"/>
        <line num="29" type="stmt" count="50"/>
        <line num="38" type="method" name="set" visibility="public" complexity="1" crap="1" count="33"/>
        <line num="40" type="stmt" count="33"/>
        <line num="42" type="stmt" count="33"/>
        <line num="52" type="method" name="get" visibility="public" complexity="2" crap="2" count="33"/>
        <line num="54" type="stmt" count="33"/>
        <line num="56" type="stmt" count="33"/>
        <line num="57" type="stmt" count="27"/>
        <line num="58" type="stmt" count="32"/>
        <line num="60" type="stmt" count="32"/>
        <line num="71" type="method" name="localize" visibility="public" complexity="1" crap="1" count="32"/>
        <line num="73" type="stmt" count="32"/>
        <line num="74" type="stmt" count="32"/>
        <line num="76" type="stmt" count="32"/>
        <line num="84" type="method" name="parameters" visibility="public" complexity="1" crap="1" count="32"/>
        <line num="86" type="stmt" count="32"/>
        <line num="88" type="stmt" count="32"/>
        <line num="96" type="method" name="secure" visibility="public" complexity="1" crap="1" count="1"/>
        <line num="98" type="stmt" count="1"/>
        <line num="100" type="stmt" count="1"/>
        <line num="111" type="method" name="replaceParameters" visibility="protected" complexity="1" crap="1" count="6"/>
        <line num="113" type="stmt" count="6"/>
        <line num="115" type="stmt" count="6"/>
        <line num="116" type="stmt" count="6"/>
        <line num="118" type="stmt" count="6"/>
        <line num="131" type="method" name="replaceRouteParameters" visibility="protected" complexity="3" crap="3" count="6"/>
        <line num="133" type="stmt" count="6"/>
        <line num="135" type="method" name="anonymousFunction:135#478" complexity="3" crap="3" count="6"/>
        <line num="136" type="stmt" count="4"/>
        <line num="137" type="stmt" count="1"/>
        <line num="138" type="stmt" count="4"/>
        <line num="139" type="stmt" count="6"/>
        <line num="141" type="stmt" count="6"/>
        <line num="156" type="method" name="anonymousFunction:156#586" complexity="2" crap="2" count="6"/>
        <line num="157" type="stmt" count="6"/>
        <line num="158" type="stmt" count="6"/>
        <metrics loc="160" ncloc="94" classes="1" methods="10" coveredmethods="10" conditionals="0" coveredconditionals="0" statements="29" coveredstatements="29" elements="39" coveredelements="39"/>
      </file>
      <file name="/Users/philippedamen/Code/locale/src/Thinktomorrow/Locale/Parsers/UrlParser.php">
        <class name="Thinktomorrow\Locale\Parsers\UrlParser" namespace="Thinktomorrow\Locale\Parsers">
          <metrics complexity="30" methods="11" coveredmethods="10" conditionals="0" coveredconditionals="0" statements="43" coveredstatements="42" elements="54" coveredelements="52"/>
        </class>
        <line num="50" type="method" name="__construct" visibility="public" complexity="1" crap="1" count="50"/>
        <line num="52" type="stmt" count="50"/>
        <line num="53" type="stmt" count="50"/>
        <line num="54" type="stmt" count="50"/>
        <line num="64" type="method" name="set" visibility="public" complexity="3" crap="3" count="47"/>
        <line num="66" type="stmt" count="47"/>
        <line num="68" type="stmt" count="47"/>
        <line num="69" type="stmt" count="1"/>
        <line num="74" type="stmt" count="46"/>
        <line num="76" type="stmt" count="46"/>
        <line num="84" type="method" name="get" visibility="public" complexity="4" crap="4" count="47"/>
        <line num="86" type="stmt" count="47"/>
        <line num="89" type="stmt" count="46"/>
        <line num="90" type="stmt" count="43"/>
        <line num="93" type="stmt" count="46"/>
        <line num="97" type="stmt" count="46"/>
        <line num="98" type="stmt" count="2"/>
        <line num="101" type="stmt" count="46"/>
        <line num="112" type="method" name="resolveRoute" visibility="public" complexity="1" crap="1" count="27"/>
        <line num="114" type="stmt" count="27"/>
        <line num="125" type="method" name="localize" visibility="public" complexity="1" crap="1" count="45"/>
        <line num="127" type="stmt" count="45"/>
        <line num="129" type="stmt" count="45"/>
        <line num="137" type="method" name="parameters" visibility="public" complexity="1" crap="1" count="11"/>
        <line num="139" type="stmt" count="11"/>
        <line num="141" type="stmt" count="11"/>
        <line num="149" type="method" name="secure" visibility="public" complexity="1" crap="1" count="13"/>
        <line num="151" type="stmt" count="13"/>
        <line num="153" type="stmt" count="13"/>
        <line num="161" type="method" name="localizePath" visibility="private" complexity="1" crap="1" count="43"/>
        <line num="163" type="stmt" count="43"/>
        <line num="164" type="stmt" count="43"/>
        <line num="166" type="stmt" count="43"/>
        <line num="171" type="method" name="delocalizePath" visibility="private" complexity="5" crap="5.05" count="43"/>
        <line num="173" type="stmt" count="43"/>
        <line num="174" type="stmt" count="7"/>
        <line num="177" type="stmt" count="43"/>
        <line num="179" type="stmt" count="43"/>
        <line num="180" type="stmt" count="0"/>
        <line num="183" type="stmt" count="43"/>
        <line num="184" type="stmt" count="12"/>
        <line num="187" type="stmt" count="43"/>
        <line num="198" type="method" name="reassemble" visibility="private" complexity="10" crap="10" count="46"/>
        <line num="200" type="stmt" count="46"/>
        <line num="204" type="stmt" count="46"/>
        <line num="205" type="stmt" count="46"/>
        <line num="206" type="stmt" count="46"/>
        <line num="207" type="stmt" count="46"/>
        <line num="208" type="stmt" count="46"/>
        <line num="209" type="stmt" count="46"/>
        <line num="212" type="method" name="assertUrlExists" visibility="private" complexity="2" crap="2" count="47"/>
        <line num="214" type="stmt" count="47"/>
        <line num="215" type="stmt" count="1"/>
        <line num="217" type="stmt" count="46"/>
        <metrics loc="218" ncloc="127" classes="1" methods="11" coveredmethods="10" conditionals="0" coveredconditionals="0" statements="43" coveredstatements="42" elements="54" coveredelements="52"/>
      </file>
    </package>
    <file name="/Users/philippedamen/Code/locale/src/Thinktomorrow/Locale/config/locale.php">
      <line num="11" type="stmt" count="1"/>
      <metrics loc="51" ncloc="15" classes="0" methods="0" coveredmethods="0" conditionals="0" coveredconditionals="0" statements="1" coveredstatements="1" elements="1" coveredelements="1"/>
    </file>
    <file name="/Users/philippedamen/Code/locale/src/Thinktomorrow/Locale/helpers.php">
      <line num="5" type="stmt" count="1"/>
      <line num="16" type="stmt" count="1"/>
      <line num="20" type="stmt" count="1"/>
      <line num="31" type="stmt" count="1"/>
      <metrics loc="33" ncloc="17" classes="0" methods="0" coveredmethods="0" conditionals="0" coveredconditionals="0" statements="4" coveredstatements="4" elements="4" coveredelements="4"/>
    </file>
    <metrics files="10" loc="894" ncloc="538" classes="7" methods="44" coveredmethods="41" conditionals="0" coveredconditionals="0" statements="170" coveredstatements="163" elements="214" coveredelements="204"/>
  </project>
</coverage>
