<?xml version="1.0" encoding="UTF-8"?>
<coverage generated="1558421894">
  <project timestamp="1558421894">
    <package name="Thinktomorrow\Locale">
      <file name="/Users/philippedamen/projects/locale/src/Detect.php">
        <class name="Thinktomorrow\Locale\Detect" namespace="Thinktomorrow\Locale">
          <metrics complexity="12" methods="8" coveredmethods="7" conditionals="0" coveredconditionals="0" statements="26" coveredstatements="25" elements="34" coveredelements="32"/>
        </class>
        <line num="38" type="method" name="__construct" visibility="public" complexity="1" crap="1" count="71"/>
        <line num="40" type="stmt" count="71"/>
        <line num="41" type="stmt" count="71"/>
        <line num="42" type="stmt" count="71"/>
        <line num="54" type="method" name="detectLocale" visibility="public" complexity="2" crap="2" count="68"/>
        <line num="56" type="stmt" count="68"/>
        <line num="59" type="stmt" count="68"/>
        <line num="65" type="stmt" count="68"/>
        <line num="66" type="stmt" count="68"/>
        <line num="69" type="stmt" count="68"/>
        <line num="71" type="stmt" count="68"/>
        <line num="73" type="stmt" count="68"/>
        <line num="75" type="stmt" count="68"/>
        <line num="78" type="method" name="getLocale" visibility="public" complexity="2" crap="2" count="68"/>
        <line num="80" type="stmt" count="68"/>
        <line num="81" type="stmt" count="68"/>
        <line num="84" type="stmt" count="68"/>
        <line num="87" type="method" name="getScope" visibility="public" complexity="2" crap="2" count="71"/>
        <line num="89" type="stmt" count="71"/>
        <line num="90" type="stmt" count="70"/>
        <line num="93" type="stmt" count="71"/>
        <line num="96" type="method" name="getConfig" visibility="public" complexity="1" crap="2.00" count="0"/>
        <line num="98" type="stmt" count="0"/>
        <line num="109" type="method" name="setScope" visibility="public" complexity="2" crap="2" count="2"/>
        <line num="111" type="stmt" count="2"/>
        <line num="112" type="stmt" count="2"/>
        <line num="115" type="stmt" count="2"/>
        <line num="118" type="method" name="detectScope" visibility="private" complexity="1" crap="1" count="70"/>
        <line num="120" type="stmt" count="70"/>
        <line num="121" type="stmt" count="70"/>
        <line num="123" type="method" name="setApplicationLocale" visibility="private" complexity="1" crap="1" count="68"/>
        <line num="125" type="stmt" count="68"/>
        <line num="127" type="stmt" count="68"/>
        <line num="128" type="stmt" count="68"/>
        <metrics loc="129" ncloc="97" classes="1" methods="8" coveredmethods="7" conditionals="0" coveredconditionals="0" statements="26" coveredstatements="25" elements="34" coveredelements="32"/>
      </file>
      <file name="/Users/philippedamen/projects/locale/src/LocaleServiceProvider.php">
        <class name="Thinktomorrow\Locale\LocaleServiceProvider" namespace="Thinktomorrow\Locale">
          <metrics complexity="3" methods="2" coveredmethods="0" conditionals="0" coveredconditionals="0" statements="27" coveredstatements="20" elements="29" coveredelements="20"/>
        </class>
        <line num="12" type="method" name="register" visibility="public" complexity="1" crap="1.02" count="77"/>
        <line num="14" type="stmt" count="77"/>
        <line num="16" type="stmt" count="77"/>
        <line num="17" type="stmt" count="77"/>
        <line num="20" type="stmt" count="77"/>
        <line num="21" type="stmt" count="77"/>
        <line num="24" type="stmt" count="77"/>
        <line num="27" type="stmt" count="0"/>
        <line num="28" type="stmt" count="77"/>
        <line num="31" type="stmt" count="70"/>
        <line num="32" type="stmt" count="70"/>
        <line num="34" type="stmt" count="77"/>
        <line num="37" type="stmt" count="70"/>
        <line num="38" type="stmt" count="70"/>
        <line num="39" type="stmt" count="70"/>
        <line num="41" type="stmt" count="77"/>
        <line num="44" type="stmt" count="0"/>
        <line num="45" type="stmt" count="0"/>
        <line num="46" type="stmt" count="0"/>
        <line num="47" type="stmt" count="0"/>
        <line num="48" type="stmt" count="0"/>
        <line num="50" type="stmt" count="77"/>
        <line num="56" type="stmt" count="10"/>
        <line num="57" type="stmt" count="77"/>
        <line num="58" type="stmt" count="77"/>
        <line num="60" type="method" name="getConfigValues" visibility="private" complexity="2" crap="2.15" count="77"/>
        <line num="62" type="stmt" count="77"/>
        <line num="63" type="stmt" count="0"/>
        <line num="66" type="stmt" count="77"/>
        <metrics loc="68" ncloc="65" classes="1" methods="2" coveredmethods="0" conditionals="0" coveredconditionals="0" statements="27" coveredstatements="20" elements="29" coveredelements="20"/>
      </file>
      <file name="/Users/philippedamen/projects/locale/src/LocaleUrl.php">
        <class name="Thinktomorrow\Locale\LocaleUrl" namespace="Thinktomorrow\Locale">
          <metrics complexity="17" methods="6" coveredmethods="6" conditionals="0" coveredconditionals="0" statements="36" coveredstatements="36" elements="42" coveredelements="42"/>
        </class>
        <line num="42" type="method" name="__construct" visibility="public" complexity="1" crap="1" count="70"/>
        <line num="45" type="stmt" count="70"/>
        <line num="46" type="stmt" count="70"/>
        <line num="47" type="stmt" count="70"/>
        <line num="48" type="stmt" count="70"/>
        <line num="50" type="stmt" count="70"/>
        <line num="51" type="stmt" count="70"/>
        <line num="52" type="stmt" count="70"/>
        <line num="64" type="method" name="to" visibility="public" complexity="3" crap="3" count="7"/>
        <line num="66" type="stmt" count="7"/>
        <line num="67" type="stmt" count="1"/>
        <line num="68" type="stmt" count="6"/>
        <line num="69" type="stmt" count="1"/>
        <line num="72" type="stmt" count="7"/>
        <line num="73" type="stmt" count="7"/>
        <line num="74" type="stmt" count="7"/>
        <line num="75" type="stmt" count="7"/>
        <line num="90" type="method" name="route" visibility="public" complexity="7" crap="7" count="23"/>
        <line num="92" type="stmt" count="23"/>
        <line num="93" type="stmt" count="23"/>
        <line num="94" type="stmt" count="23"/>
        <line num="96" type="stmt" count="23"/>
        <line num="97" type="stmt" count="9"/>
        <line num="103" type="stmt" count="9"/>
        <line num="109" type="stmt" count="9"/>
        <line num="112" type="stmt" count="23"/>
        <line num="113" type="stmt" count="23"/>
        <line num="115" type="stmt" count="23"/>
        <line num="116" type="stmt" count="23"/>
        <line num="118" type="stmt" count="23"/>
        <line num="119" type="stmt" count="9"/>
        <line num="122" type="stmt" count="23"/>
        <line num="125" type="method" name="canonicalRoute" visibility="public" complexity="1" crap="1" count="6"/>
        <line num="127" type="stmt" count="6"/>
        <line num="130" type="method" name="getCanonicalScope" visibility="private" complexity="3" crap="3" count="9"/>
        <line num="132" type="stmt" count="9"/>
        <line num="133" type="stmt" count="9"/>
        <line num="136" type="stmt" count="2"/>
        <line num="139" type="method" name="parseWithCanonicalScope" visibility="private" complexity="2" crap="2" count="9"/>
        <line num="141" type="stmt" count="9"/>
        <line num="142" type="stmt" count="2"/>
        <line num="145" type="stmt" count="9"/>
        <metrics loc="147" ncloc="97" classes="1" methods="6" coveredmethods="6" conditionals="0" coveredconditionals="0" statements="36" coveredstatements="36" elements="42" coveredelements="42"/>
      </file>
      <file name="/Users/philippedamen/projects/locale/src/Scope.php">
        <class name="Thinktomorrow\Locale\Scope" namespace="Thinktomorrow\Locale">
          <metrics complexity="23" methods="12" coveredmethods="12" conditionals="0" coveredconditionals="0" statements="24" coveredstatements="24" elements="36" coveredelements="36"/>
        </class>
        <line num="40" type="method" name="__construct" visibility="public" complexity="2" crap="2" count="82"/>
        <line num="42" type="stmt" count="82"/>
        <line num="43" type="stmt" count="1"/>
        <line num="45" type="stmt" count="82"/>
        <line num="46" type="stmt" count="82"/>
        <line num="47" type="stmt" count="82"/>
        <line num="49" type="method" name="setCustomRoot" visibility="public" complexity="1" crap="1" count="12"/>
        <line num="51" type="stmt" count="12"/>
        <line num="53" type="stmt" count="12"/>
        <line num="56" type="method" name="customRoot" visibility="public" complexity="2" crap="2" count="10"/>
        <line num="58" type="stmt" count="10"/>
        <line num="68" type="method" name="findLocale" visibility="public" complexity="3" crap="3" count="68"/>
        <line num="70" type="stmt" count="68"/>
        <line num="73" type="method" name="locales" visibility="public" complexity="1" crap="1" count="31"/>
        <line num="75" type="stmt" count="31"/>
        <line num="78" type="method" name="defaultLocale" visibility="public" complexity="1" crap="1" count="61"/>
        <line num="80" type="stmt" count="61"/>
        <line num="83" type="method" name="activeLocale" visibility="public" complexity="2" crap="2" count="18"/>
        <line num="85" type="stmt" count="18"/>
        <line num="88" type="method" name="setActiveLocale" visibility="public" complexity="1" crap="1" count="68"/>
        <line num="90" type="stmt" count="68"/>
        <line num="91" type="stmt" count="68"/>
        <line num="100" type="method" name="segment" visibility="public" complexity="4" crap="4" count="35"/>
        <line num="102" type="stmt" count="35"/>
        <line num="103" type="stmt" count="2"/>
        <line num="106" type="stmt" count="35"/>
        <line num="109" type="method" name="activeSegment" visibility="public" complexity="2" crap="2" count="18"/>
        <line num="111" type="stmt" count="18"/>
        <line num="114" type="method" name="validateLocale" visibility="public" complexity="2" crap="2" count="27"/>
        <line num="116" type="stmt" count="27"/>
        <line num="117" type="stmt" count="5"/>
        <line num="120" type="stmt" count="25"/>
        <line num="123" type="method" name="validateSegment" visibility="public" complexity="2" crap="2" count="24"/>
        <line num="125" type="stmt" count="24"/>
        <line num="126" type="stmt" count="5"/>
        <line num="129" type="stmt" count="22"/>
        <metrics loc="131" ncloc="96" classes="1" methods="12" coveredmethods="12" conditionals="0" coveredconditionals="0" statements="24" coveredstatements="24" elements="36" coveredelements="36"/>
      </file>
      <file name="/Users/philippedamen/projects/locale/src/ScopeCollection.php">
        <class name="Thinktomorrow\Locale\ScopeCollection" namespace="Thinktomorrow\Locale">
          <metrics complexity="12" methods="7" coveredmethods="7" conditionals="0" coveredconditionals="0" statements="20" coveredstatements="20" elements="27" coveredelements="27"/>
        </class>
        <line num="15" type="method" name="__construct" visibility="private" complexity="1" crap="1" count="83"/>
        <line num="17" type="stmt" count="83"/>
        <line num="18" type="stmt" count="83"/>
        <line num="20" type="method" name="fromArray" visibility="public" complexity="1" crap="1" count="17"/>
        <line num="22" type="stmt" count="17"/>
        <line num="25" type="method" name="fromConfig" visibility="public" complexity="1" crap="1" count="72"/>
        <line num="27" type="stmt" count="72"/>
        <line num="30" type="method" name="findByRoot" visibility="public" complexity="1" crap="1" count="81"/>
        <line num="32" type="stmt" count="81"/>
        <line num="40" type="method" name="findCanonical" visibility="public" complexity="3" crap="3" count="12"/>
        <line num="42" type="stmt" count="12"/>
        <line num="44" type="stmt" count="12"/>
        <line num="45" type="stmt" count="3"/>
        <line num="48" type="stmt" count="11"/>
        <line num="50" type="stmt" count="11"/>
        <line num="53" type="method" name="guessKeyFromRoot" visibility="private" complexity="4" crap="4" count="81"/>
        <line num="55" type="stmt" count="81"/>
        <line num="56" type="stmt" count="81"/>
        <line num="63" type="stmt" count="81"/>
        <line num="64" type="stmt" count="30"/>
        <line num="67" type="stmt" count="81"/>
        <line num="68" type="stmt" count="81"/>
        <line num="73" type="stmt" count="1"/>
        <line num="77" type="method" name="findByKey" visibility="private" complexity="1" crap="1" count="81"/>
        <line num="79" type="stmt" count="81"/>
        <line num="81" type="stmt" count="81"/>
        <line num="85" type="stmt" count="81"/>
        <metrics loc="87" ncloc="66" classes="1" methods="7" coveredmethods="7" conditionals="0" coveredconditionals="0" statements="20" coveredstatements="20" elements="27" coveredelements="27"/>
      </file>
    </package>
    <file name="/Users/philippedamen/projects/locale/src/Detectors/Detector.php">
      <metrics loc="12" ncloc="12" classes="0" methods="0" coveredmethods="0" conditionals="0" coveredconditionals="0" statements="0" coveredstatements="0" elements="0" coveredelements="0"/>
    </file>
    <package name="Thinktomorrow\Locale\Detectors">
      <file name="/Users/philippedamen/projects/locale/src/Detectors/FallbackDetector.php">
        <class name="Thinktomorrow\Locale\Detectors\FallbackDetector" namespace="Thinktomorrow\Locale\Detectors">
          <metrics complexity="2" methods="1" coveredmethods="1" conditionals="0" coveredconditionals="0" statements="1" coveredstatements="1" elements="2" coveredelements="2"/>
        </class>
        <line num="11" type="method" name="get" visibility="public" complexity="2" crap="2" count="68"/>
        <line num="13" type="stmt" count="68"/>
        <metrics loc="15" ncloc="15" classes="1" methods="1" coveredmethods="1" conditionals="0" coveredconditionals="0" statements="1" coveredstatements="1" elements="2" coveredelements="2"/>
      </file>
      <file name="/Users/philippedamen/projects/locale/src/Detectors/HiddenSegmentDetector.php">
        <class name="Thinktomorrow\Locale\Detectors\HiddenSegmentDetector" namespace="Thinktomorrow\Locale\Detectors">
          <metrics complexity="6" methods="3" coveredmethods="3" conditionals="0" coveredconditionals="0" statements="7" coveredstatements="7" elements="10" coveredelements="10"/>
        </class>
        <line num="17" type="method" name="__construct" visibility="public" complexity="1" crap="1" count="68"/>
        <line num="19" type="stmt" count="68"/>
        <line num="20" type="stmt" count="68"/>
        <line num="22" type="method" name="get" visibility="public" complexity="3" crap="3" count="68"/>
        <line num="25" type="stmt" count="68"/>
        <line num="26" type="stmt" count="13"/>
        <line num="32" type="stmt" count="61"/>
        <line num="35" type="method" name="segment" visibility="public" complexity="2" crap="2" count="68"/>
        <line num="37" type="stmt" count="68"/>
        <line num="39" type="stmt" count="68"/>
        <metrics loc="41" ncloc="30" classes="1" methods="3" coveredmethods="3" conditionals="0" coveredconditionals="0" statements="7" coveredstatements="7" elements="10" coveredelements="10"/>
      </file>
      <file name="/Users/philippedamen/projects/locale/src/Detectors/QueryDetector.php">
        <class name="Thinktomorrow\Locale\Detectors\QueryDetector" namespace="Thinktomorrow\Locale\Detectors">
          <metrics complexity="6" methods="2" coveredmethods="2" conditionals="0" coveredconditionals="0" statements="7" coveredstatements="7" elements="9" coveredelements="9"/>
        </class>
        <line num="17" type="method" name="__construct" visibility="public" complexity="1" crap="1" count="68"/>
        <line num="19" type="stmt" count="68"/>
        <line num="20" type="stmt" count="68"/>
        <line num="22" type="method" name="get" visibility="public" complexity="5" crap="5" count="68"/>
        <line num="24" type="stmt" count="68"/>
        <line num="25" type="stmt" count="1"/>
        <line num="28" type="stmt" count="67"/>
        <line num="29" type="stmt" count="65"/>
        <line num="32" type="stmt" count="3"/>
        <metrics loc="34" ncloc="31" classes="1" methods="2" coveredmethods="2" conditionals="0" coveredconditionals="0" statements="7" coveredstatements="7" elements="9" coveredelements="9"/>
      </file>
      <file name="/Users/philippedamen/projects/locale/src/Detectors/SegmentDetector.php">
        <class name="Thinktomorrow\Locale\Detectors\SegmentDetector" namespace="Thinktomorrow\Locale\Detectors">
          <metrics complexity="3" methods="2" coveredmethods="2" conditionals="0" coveredconditionals="0" statements="4" coveredstatements="4" elements="6" coveredelements="6"/>
        </class>
        <line num="17" type="method" name="__construct" visibility="public" complexity="1" crap="1" count="68"/>
        <line num="19" type="stmt" count="68"/>
        <line num="20" type="stmt" count="68"/>
        <line num="22" type="method" name="get" visibility="public" complexity="2" crap="2" count="68"/>
        <line num="24" type="stmt" count="68"/>
        <line num="26" type="stmt" count="68"/>
        <metrics loc="28" ncloc="25" classes="1" methods="2" coveredmethods="2" conditionals="0" coveredconditionals="0" statements="4" coveredstatements="4" elements="6" coveredelements="6"/>
      </file>
    </package>
    <package name="Thinktomorrow\Locale\Exceptions">
      <file name="/Users/philippedamen/projects/locale/src/Exceptions/InvalidConfig.php">
        <class name="Thinktomorrow\Locale\Exceptions\InvalidConfig" namespace="Thinktomorrow\Locale\Exceptions">
          <metrics complexity="0" methods="0" coveredmethods="0" conditionals="0" coveredconditionals="0" statements="0" coveredstatements="0" elements="0" coveredelements="0"/>
        </class>
        <metrics loc="8" ncloc="6" classes="0" methods="0" coveredmethods="0" conditionals="0" coveredconditionals="0" statements="0" coveredstatements="0" elements="0" coveredelements="0"/>
      </file>
      <file name="/Users/philippedamen/projects/locale/src/Exceptions/InvalidLocale.php">
        <class name="Thinktomorrow\Locale\Exceptions\InvalidLocale" namespace="Thinktomorrow\Locale\Exceptions">
          <metrics complexity="0" methods="0" coveredmethods="0" conditionals="0" coveredconditionals="0" statements="0" coveredstatements="0" elements="0" coveredelements="0"/>
        </class>
        <metrics loc="8" ncloc="6" classes="0" methods="0" coveredmethods="0" conditionals="0" coveredconditionals="0" statements="0" coveredstatements="0" elements="0" coveredelements="0"/>
      </file>
      <file name="/Users/philippedamen/projects/locale/src/Exceptions/InvalidScope.php">
        <class name="Thinktomorrow\Locale\Exceptions\InvalidScope" namespace="Thinktomorrow\Locale\Exceptions">
          <metrics complexity="0" methods="0" coveredmethods="0" conditionals="0" coveredconditionals="0" statements="0" coveredstatements="0" elements="0" coveredelements="0"/>
        </class>
        <metrics loc="8" ncloc="6" classes="0" methods="0" coveredmethods="0" conditionals="0" coveredconditionals="0" statements="0" coveredstatements="0" elements="0" coveredelements="0"/>
      </file>
      <file name="/Users/philippedamen/projects/locale/src/Exceptions/InvalidUrl.php">
        <class name="Thinktomorrow\Locale\Exceptions\InvalidUrl" namespace="Thinktomorrow\Locale\Exceptions">
          <metrics complexity="0" methods="0" coveredmethods="0" conditionals="0" coveredconditionals="0" statements="0" coveredstatements="0" elements="0" coveredelements="0"/>
        </class>
        <metrics loc="8" ncloc="6" classes="0" methods="0" coveredmethods="0" conditionals="0" coveredconditionals="0" statements="0" coveredstatements="0" elements="0" coveredelements="0"/>
      </file>
    </package>
    <package name="Thinktomorrow\Locale\Facades">
      <file name="/Users/philippedamen/projects/locale/src/Facades/LocaleUrlFacade.php">
        <class name="Thinktomorrow\Locale\Facades\LocaleUrlFacade" namespace="Thinktomorrow\Locale\Facades">
          <metrics complexity="1" methods="1" coveredmethods="1" conditionals="0" coveredconditionals="0" statements="1" coveredstatements="1" elements="2" coveredelements="2"/>
        </class>
        <line num="10" type="method" name="getFacadeAccessor" visibility="public" complexity="1" crap="1" count="3"/>
        <line num="12" type="stmt" count="3"/>
        <metrics loc="14" ncloc="14" classes="1" methods="1" coveredmethods="1" conditionals="0" coveredconditionals="0" statements="1" coveredstatements="1" elements="2" coveredelements="2"/>
      </file>
      <file name="/Users/philippedamen/projects/locale/src/Facades/ScopeFacade.php">
        <class name="Thinktomorrow\Locale\Facades\ScopeFacade" namespace="Thinktomorrow\Locale\Facades">
          <metrics complexity="1" methods="1" coveredmethods="1" conditionals="0" coveredconditionals="0" statements="1" coveredstatements="1" elements="2" coveredelements="2"/>
        </class>
        <line num="9" type="method" name="getFacadeAccessor" visibility="public" complexity="1" crap="1" count="10"/>
        <line num="11" type="stmt" count="10"/>
        <metrics loc="13" ncloc="13" classes="1" methods="1" coveredmethods="1" conditionals="0" coveredconditionals="0" statements="1" coveredstatements="1" elements="2" coveredelements="2"/>
      </file>
    </package>
    <package name="Thinktomorrow\Locale\Parsers">
      <file name="/Users/philippedamen/projects/locale/src/Parsers/LocaleSegmentParameter.php">
        <class name="Thinktomorrow\Locale\Parsers\LocaleSegmentParameter" namespace="Thinktomorrow\Locale\Parsers">
          <metrics complexity="10" methods="2" coveredmethods="2" conditionals="0" coveredconditionals="0" statements="15" coveredstatements="15" elements="17" coveredelements="17"/>
        </class>
        <line num="19" type="method" name="extractLocaleSegmentFromParameters" visibility="public" complexity="5" crap="5" count="23"/>
        <line num="21" type="stmt" count="23"/>
        <line num="25" type="stmt" count="23"/>
        <line num="26" type="stmt" count="12"/>
        <line num="29" type="stmt" count="20"/>
        <line num="30" type="stmt" count="20"/>
        <line num="35" type="stmt" count="20"/>
        <line num="36" type="stmt" count="1"/>
        <line num="39" type="stmt" count="20"/>
        <line num="41" type="stmt" count="20"/>
        <line num="51" type="method" name="normalizeLocaleAsParameter" visibility="public" complexity="5" crap="5" count="23"/>
        <line num="53" type="stmt" count="23"/>
        <line num="57" type="stmt" count="23"/>
        <line num="58" type="stmt" count="4"/>
        <line num="63" type="stmt" count="23"/>
        <line num="64" type="stmt" count="19"/>
        <line num="68" type="stmt" count="23"/>
        <metrics loc="70" ncloc="38" classes="1" methods="2" coveredmethods="2" conditionals="0" coveredconditionals="0" statements="15" coveredstatements="15" elements="17" coveredelements="17"/>
      </file>
      <file name="/Users/philippedamen/projects/locale/src/Parsers/RouteParser.php">
        <class name="Thinktomorrow\Locale\Parsers\RouteParser" namespace="Thinktomorrow\Locale\Parsers">
          <metrics complexity="11" methods="7" coveredmethods="7" conditionals="0" coveredconditionals="0" statements="34" coveredstatements="34" elements="41" coveredelements="41"/>
        </class>
        <line num="38" type="method" name="__construct" visibility="public" complexity="1" crap="1" count="70"/>
        <line num="40" type="stmt" count="70"/>
        <line num="41" type="stmt" count="70"/>
        <line num="42" type="stmt" count="70"/>
        <line num="44" type="method" name="get" visibility="public" complexity="3" crap="3" count="28"/>
        <line num="46" type="stmt" count="28"/>
        <line num="48" type="stmt" count="28"/>
        <line num="51" type="stmt" count="28"/>
        <line num="52" type="stmt" count="24"/>
        <line num="53" type="stmt" count="26"/>
        <line num="55" type="stmt" count="26"/>
        <line num="57" type="stmt" count="26"/>
        <line num="58" type="stmt" count="9"/>
        <line num="61" type="stmt" count="26"/>
        <line num="64" type="method" name="set" visibility="public" complexity="1" crap="1" count="28"/>
        <line num="66" type="stmt" count="28"/>
        <line num="68" type="stmt" count="28"/>
        <line num="69" type="stmt" count="28"/>
        <line num="70" type="stmt" count="28"/>
        <line num="72" type="stmt" count="28"/>
        <line num="75" type="method" name="reset" visibility="private" complexity="1" crap="1" count="28"/>
        <line num="77" type="stmt" count="28"/>
        <line num="78" type="stmt" count="28"/>
        <line num="79" type="stmt" count="28"/>
        <line num="80" type="stmt" count="28"/>
        <line num="81" type="stmt" count="28"/>
        <line num="82" type="stmt" count="28"/>
        <line num="83" type="stmt" count="28"/>
        <line num="85" type="method" name="setCustomRoot" visibility="public" complexity="1" crap="1" count="9"/>
        <line num="87" type="stmt" count="9"/>
        <line num="89" type="stmt" count="9"/>
        <line num="92" type="method" name="localize" visibility="public" complexity="3" crap="3" count="27"/>
        <line num="94" type="stmt" count="27"/>
        <line num="95" type="stmt" count="27"/>
        <line num="98" type="stmt" count="27"/>
        <line num="99" type="stmt" count="14"/>
        <line num="100" type="stmt" count="27"/>
        <line num="102" type="stmt" count="27"/>
        <line num="104" type="stmt" count="27"/>
        <line num="107" type="method" name="resolveRoute" visibility="public" complexity="1" crap="1" count="24"/>
        <line num="109" type="stmt" count="24"/>
        <metrics loc="111" ncloc="98" classes="1" methods="7" coveredmethods="7" conditionals="0" coveredconditionals="0" statements="34" coveredstatements="34" elements="41" coveredelements="41"/>
      </file>
      <file name="/Users/philippedamen/projects/locale/src/Parsers/UriParameters.php">
        <class name="Thinktomorrow\Locale\Parsers\UriParameters" namespace="Thinktomorrow\Locale\Parsers">
          <metrics complexity="6" methods="3" coveredmethods="3" conditionals="0" coveredconditionals="0" statements="12" coveredstatements="12" elements="15" coveredelements="15"/>
        </class>
        <line num="18" type="method" name="replace" visibility="public" complexity="1" crap="1" count="4"/>
        <line num="20" type="stmt" count="4"/>
        <line num="22" type="stmt" count="4"/>
        <line num="23" type="stmt" count="4"/>
        <line num="25" type="stmt" count="4"/>
        <line num="38" type="method" name="replaceRouteParameters" visibility="private" complexity="3" crap="3" count="4"/>
        <line num="40" type="stmt" count="4"/>
        <line num="43" type="stmt" count="3"/>
        <line num="44" type="stmt" count="1"/>
        <line num="45" type="stmt" count="3"/>
        <line num="46" type="stmt" count="4"/>
        <line num="48" type="stmt" count="4"/>
        <line num="61" type="method" name="replaceNamedParameters" visibility="private" complexity="2" crap="2" count="4"/>
        <line num="64" type="stmt" count="4"/>
        <line num="65" type="stmt" count="4"/>
        <metrics loc="67" ncloc="39" classes="1" methods="3" coveredmethods="3" conditionals="0" coveredconditionals="0" statements="12" coveredstatements="12" elements="15" coveredelements="15"/>
      </file>
      <file name="/Users/philippedamen/projects/locale/src/Parsers/UrlParser.php">
        <class name="Thinktomorrow\Locale\Parsers\UrlParser" namespace="Thinktomorrow\Locale\Parsers">
          <metrics complexity="10" methods="9" coveredmethods="9" conditionals="0" coveredconditionals="0" statements="20" coveredstatements="20" elements="29" coveredelements="29"/>
        </class>
        <line num="29" type="method" name="__construct" visibility="public" complexity="1" crap="1" count="70"/>
        <line num="31" type="stmt" count="70"/>
        <line num="36" type="stmt" count="70"/>
        <line num="37" type="stmt" count="70"/>
        <line num="39" type="method" name="get" visibility="public" complexity="2" crap="2" count="38"/>
        <line num="41" type="stmt" count="38"/>
        <line num="42" type="stmt" count="29"/>
        <line num="45" type="stmt" count="38"/>
        <line num="46" type="stmt" count="38"/>
        <line num="50" type="method" name="set" visibility="public" complexity="1" crap="1" count="39"/>
        <line num="52" type="stmt" count="39"/>
        <line num="54" type="stmt" count="38"/>
        <line num="57" type="method" name="setCustomRoot" visibility="public" complexity="1" crap="1" count="9"/>
        <line num="59" type="stmt" count="9"/>
        <line num="61" type="stmt" count="9"/>
        <line num="64" type="method" name="localize" visibility="public" complexity="1" crap="1" count="37"/>
        <line num="66" type="stmt" count="37"/>
        <line num="67" type="stmt" count="37"/>
        <line num="69" type="stmt" count="37"/>
        <line num="72" type="method" name="parameters" visibility="public" complexity="1" crap="1" count="7"/>
        <line num="74" type="stmt" count="7"/>
        <line num="76" type="stmt" count="7"/>
        <line num="79" type="method" name="secure" visibility="public" complexity="1" crap="1" count="29"/>
        <line num="81" type="stmt" count="29"/>
        <line num="83" type="stmt" count="29"/>
        <line num="86" type="method" name="rootFromApplication" visibility="private" complexity="1" crap="1" count="70"/>
        <line num="88" type="stmt" count="70"/>
        <line num="99" type="method" name="resolveRoute" visibility="public" complexity="1" crap="1" count="24"/>
        <line num="101" type="stmt" count="24"/>
        <metrics loc="103" ncloc="86" classes="1" methods="9" coveredmethods="9" conditionals="0" coveredconditionals="0" statements="20" coveredstatements="20" elements="29" coveredelements="29"/>
      </file>
    </package>
    <package name="Thinktomorrow\Locale\Values">
      <file name="/Users/philippedamen/projects/locale/src/Values/ApplicationLocale.php">
        <class name="Thinktomorrow\Locale\Values\ApplicationLocale" namespace="Thinktomorrow\Locale\Values">
          <metrics complexity="11" methods="5" coveredmethods="5" conditionals="0" coveredconditionals="0" statements="18" coveredstatements="18" elements="23" coveredelements="23"/>
        </class>
        <line num="15" type="method" name="__construct" visibility="private" complexity="1" crap="1" count="75"/>
        <line num="17" type="stmt" count="75"/>
        <line num="18" type="stmt" count="75"/>
        <line num="19" type="stmt" count="75"/>
        <line num="21" type="method" name="from" visibility="public" complexity="2" crap="2" count="75"/>
        <line num="23" type="stmt" count="75"/>
        <line num="24" type="stmt" count="33"/>
        <line num="27" type="stmt" count="75"/>
        <line num="35" type="method" name="get" visibility="public" complexity="5" crap="5" count="73"/>
        <line num="37" type="stmt" count="73"/>
        <line num="39" type="stmt" count="73"/>
        <line num="40" type="stmt" count="73"/>
        <line num="42" type="stmt" count="73"/>
        <line num="43" type="stmt" count="3"/>
        <line num="44" type="stmt" count="1"/>
        <line num="45" type="stmt" count="3"/>
        <line num="46" type="stmt" count="70"/>
        <line num="47" type="stmt" count="3"/>
        <line num="50" type="stmt" count="73"/>
        <line num="53" type="method" name="equals" visibility="public" complexity="2" crap="2" count="1"/>
        <line num="55" type="stmt" count="1"/>
        <line num="58" type="method" name="__toString" visibility="public" complexity="1" crap="1" count="70"/>
        <line num="60" type="stmt" count="70"/>
        <metrics loc="62" ncloc="55" classes="1" methods="5" coveredmethods="5" conditionals="0" coveredconditionals="0" statements="18" coveredstatements="18" elements="23" coveredelements="23"/>
      </file>
      <file name="/Users/philippedamen/projects/locale/src/Values/Config.php">
        <class name="Thinktomorrow\Locale\Values\Config" namespace="Thinktomorrow\Locale\Values">
          <metrics complexity="44" methods="17" coveredmethods="15" conditionals="0" coveredconditionals="0" statements="76" coveredstatements="74" elements="93" coveredelements="89"/>
        </class>
        <line num="14" type="method" name="__construct" visibility="private" complexity="1" crap="1" count="113"/>
        <line num="16" type="stmt" count="113"/>
        <line num="18" type="stmt" count="101"/>
        <line num="19" type="stmt" count="101"/>
        <line num="21" type="method" name="from" visibility="public" complexity="1" crap="1" count="113"/>
        <line num="23" type="stmt" count="113"/>
        <line num="26" type="method" name="get" visibility="public" complexity="2" crap="2" count="94"/>
        <line num="28" type="stmt" count="94"/>
        <line num="29" type="stmt" count="2"/>
        <line num="32" type="stmt" count="92"/>
        <line num="35" type="method" name="all" visibility="public" complexity="1" crap="1" count="1"/>
        <line num="37" type="stmt" count="1"/>
        <line num="40" type="method" name="sanitize" visibility="private" complexity="1" crap="1" count="101"/>
        <line num="43" type="stmt" count="101"/>
        <line num="44" type="stmt" count="101"/>
        <line num="45" type="stmt" count="101"/>
        <line num="46" type="stmt" count="101"/>
        <line num="47" type="stmt" count="101"/>
        <line num="50" type="stmt" count="101"/>
        <line num="52" type="stmt" count="101"/>
        <line num="55" type="method" name="computeCanonicals" visibility="private" complexity="5" crap="5" count="101"/>
        <line num="57" type="stmt" count="101"/>
        <line num="59" type="stmt" count="101"/>
        <line num="62" type="stmt" count="101"/>
        <line num="63" type="stmt" count="101"/>
        <line num="66" type="stmt" count="92"/>
        <line num="67" type="stmt" count="92"/>
        <line num="68" type="stmt" count="92"/>
        <line num="73" type="stmt" count="101"/>
        <line num="81" type="method" name="removeSlashes" visibility="private" complexity="5" crap="5" count="101"/>
        <line num="83" type="stmt" count="101"/>
        <line num="84" type="stmt" count="101"/>
        <line num="86" type="stmt" count="101"/>
        <line num="87" type="stmt" count="1"/>
        <line num="89" type="stmt" count="1"/>
        <line num="90" type="stmt" count="101"/>
        <line num="95" type="stmt" count="101"/>
        <line num="105" type="method" name="removeTrailingDomainSlashes" visibility="private" complexity="2" crap="2" count="101"/>
        <line num="107" type="stmt" count="101"/>
        <line num="108" type="stmt" count="101"/>
        <line num="109" type="stmt" count="101"/>
        <line num="112" type="stmt" count="101"/>
        <line num="120" type="method" name="convertSingleEntryToDefault" visibility="private" complexity="3" crap="3" count="101"/>
        <line num="122" type="stmt" count="101"/>
        <line num="124" type="stmt" count="101"/>
        <line num="125" type="stmt" count="101"/>
        <line num="129" type="stmt" count="101"/>
        <line num="135" type="method" name="validate" visibility="private" complexity="7" crap="7" count="113"/>
        <line num="137" type="stmt" count="113"/>
        <line num="138" type="stmt" count="2"/>
        <line num="141" type="stmt" count="111"/>
        <line num="143" type="stmt" count="111"/>
        <line num="144" type="stmt" count="8"/>
        <line num="147" type="stmt" count="103"/>
        <line num="148" type="stmt" count="1"/>
        <line num="151" type="stmt" count="102"/>
        <line num="152" type="stmt" count="102"/>
        <line num="153" type="stmt" count="102"/>
        <line num="157" type="stmt" count="102"/>
        <line num="158" type="stmt" count="101"/>
        <line num="165" type="method" name="validateEachCanonicalLocaleExists" visibility="private" complexity="3" crap="3" count="102"/>
        <line num="167" type="stmt" count="102"/>
        <line num="168" type="stmt" count="102"/>
        <line num="169" type="stmt" count="81"/>
        <line num="170" type="stmt" count="81"/>
        <line num="173" type="stmt" count="101"/>
        <line num="175" type="method" name="existsAsLocale" visibility="private" complexity="5" crap="5" count="81"/>
        <line num="177" type="stmt" count="81"/>
        <line num="179" type="stmt" count="81"/>
        <line num="180" type="stmt" count="81"/>
        <line num="181" type="stmt" count="78"/>
        <line num="182" type="stmt" count="78"/>
        <line num="183" type="stmt" count="78"/>
        <line num="187" type="stmt" count="81"/>
        <line num="188" type="stmt" count="80"/>
        <line num="189" type="stmt" count="81"/>
        <line num="193" type="stmt" count="81"/>
        <line num="196" type="method" name="offsetExists" visibility="public" complexity="3" crap="3.33" count="69"/>
        <line num="198" type="stmt" count="69"/>
        <line num="199" type="stmt" count="0"/>
        <line num="202" type="stmt" count="69"/>
        <line num="205" type="method" name="offsetGet" visibility="public" complexity="1" crap="1" count="68"/>
        <line num="207" type="stmt" count="68"/>
        <line num="210" type="method" name="offsetSet" visibility="public" complexity="2" crap="2.06" count="1"/>
        <line num="212" type="stmt" count="1"/>
        <line num="213" type="stmt" count="0"/>
        <line num="215" type="stmt" count="1"/>
        <line num="217" type="stmt" count="1"/>
        <line num="219" type="method" name="offsetUnset" visibility="public" complexity="1" crap="1" count="1"/>
        <line num="221" type="stmt" count="1"/>
        <line num="222" type="stmt" count="1"/>
        <line num="224" type="method" name="toArray" visibility="public" complexity="1" crap="1" count="78"/>
        <line num="226" type="stmt" count="78"/>
        <metrics loc="228" ncloc="190" classes="1" methods="17" coveredmethods="15" conditionals="0" coveredconditionals="0" statements="76" coveredstatements="74" elements="93" coveredelements="89"/>
      </file>
      <file name="/Users/philippedamen/projects/locale/src/Values/Locale.php">
        <class name="Thinktomorrow\Locale\Values\Locale" namespace="Thinktomorrow\Locale\Values">
          <metrics complexity="12" methods="7" coveredmethods="7" conditionals="0" coveredconditionals="0" statements="16" coveredstatements="16" elements="23" coveredelements="23"/>
        </class>
        <line num="12" type="method" name="__construct" visibility="private" complexity="1" crap="1" count="91"/>
        <line num="14" type="stmt" count="91"/>
        <line num="15" type="stmt" count="91"/>
        <line num="17" type="method" name="from" visibility="public" complexity="1" crap="1" count="91"/>
        <line num="19" type="stmt" count="91"/>
        <line num="22" type="method" name="withoutRegion" visibility="public" complexity="2" crap="2" count="3"/>
        <line num="24" type="stmt" count="3"/>
        <line num="26" type="stmt" count="3"/>
        <line num="27" type="stmt" count="3"/>
        <line num="30" type="stmt" count="3"/>
        <line num="33" type="method" name="region" visibility="public" complexity="4" crap="4" count="4"/>
        <line num="35" type="stmt" count="4"/>
        <line num="37" type="stmt" count="4"/>
        <line num="38" type="stmt" count="4"/>
        <line num="41" type="stmt" count="3"/>
        <line num="42" type="stmt" count="3"/>
        <line num="45" type="stmt" count="3"/>
        <line num="48" type="method" name="get" visibility="public" complexity="1" crap="1" count="75"/>
        <line num="50" type="stmt" count="75"/>
        <line num="53" type="method" name="equals" visibility="public" complexity="2" crap="2" count="1"/>
        <line num="55" type="stmt" count="1"/>
        <line num="58" type="method" name="__toString" visibility="public" complexity="1" crap="1" count="73"/>
        <line num="60" type="stmt" count="73"/>
        <metrics loc="62" ncloc="59" classes="1" methods="7" coveredmethods="7" conditionals="0" coveredconditionals="0" statements="16" coveredstatements="16" elements="23" coveredelements="23"/>
      </file>
    </package>
    <file name="/Users/philippedamen/projects/locale/src/config/locale.php">
      <line num="11" type="stmt" count="77"/>
      <metrics loc="72" ncloc="23" classes="0" methods="0" coveredmethods="0" conditionals="0" coveredconditionals="0" statements="1" coveredstatements="1" elements="1" coveredelements="1"/>
    </file>
    <file name="/Users/philippedamen/projects/locale/src/helpers.php">
      <line num="5" type="stmt" count="1"/>
      <line num="16" type="stmt" count="3"/>
      <line num="20" type="stmt" count="1"/>
      <line num="31" type="stmt" count="5"/>
      <line num="38" type="stmt" count="1"/>
      <line num="41" type="stmt" count="1"/>
      <line num="42" type="stmt" count="1"/>
      <line num="43" type="stmt" count="1"/>
      <line num="44" type="stmt" count="1"/>
      <line num="51" type="stmt" count="1"/>
      <line num="54" type="stmt" count="0"/>
      <metrics loc="56" ncloc="34" classes="0" methods="0" coveredmethods="0" conditionals="0" coveredconditionals="0" statements="11" coveredstatements="10" elements="11" coveredelements="10"/>
    </file>
    <metrics files="25" loc="1582" ncloc="1207" classes="18" methods="95" coveredmethods="90" conditionals="0" coveredconditionals="0" statements="357" coveredstatements="346" elements="452" coveredelements="436"/>
  </project>
</coverage>
